<?xml version="1.0" encoding="UTF-8"?>
<!-- Generated by org.testng.reporters.JUnitReportReporter -->
<testsuite ignored="0" hostname="MacBook-Air-de-DELLPHOTO.local" failures="0" tests="1" name="ng.NewTest" time="5.940" errors="0" timestamp="25 jun. 2022 00:17:04 GMT" skipped="0">
  <testcase classname="ng.NewTest" name="f" time="5.940"/>
</testsuite> <!-- ng.NewTest -->
